Added Component: Designator=Arduino1(Arduino Nano)
Add component (AddParameter): Name = "Value"; Value = "Cau 1A"; VariantName = "[No Variations]"
Added Component: Designator=JP1(CON2)
Add component (AddParameter): Name = "Value"; Value = "Connector 2"; VariantName = "[No Variations]"
Added Component: Designator=JP2(CON4)
Add component (AddParameter): Name = "Value"; Value = "Connector 4"; VariantName = "[No Variations]"
Added Component: Designator=JP3(CON4)
Add component (AddParameter): Name = "Value"; Value = "Connector 4"; VariantName = "[No Variations]"
Added Component: Designator=JP4(JP8)
Add component (AddParameter): Name = "Value"; Value = "JP7"; VariantName = "[No Variations]"
Added Component: Designator=JP5(JP8)
Add component (AddParameter): Name = "Value"; Value = "JP7"; VariantName = "[No Variations]"
Added Component: Designator=JP6(CON4)
Add component (AddParameter): Name = "Value"; Value = "Connector 4"; VariantName = "[No Variations]"
Added Component: Designator=LED1(LED-3MM-YELLOW)
Add component (AddParameter): Name = "Value"; Value = "LED 3 ly Single Colour"; VariantName = "[No Variations]"
Added Component: Designator=R1(RES-SMD-1206)
Add component (AddParameter): Name = "Class"; Value = "Passive"; VariantName = "[No Variations]"
Add component (AddParameter): Name = "Manufacturer"; Value = "Generic Components"; VariantName = "[No Variations]"
Add component (AddParameter): Name = "Published"; Value = "08/06/2000"; VariantName = "[No Variations]"
Add component (AddParameter): Name = "Publisher"; Value = "Altium Hobart Technology Centre"; VariantName = "[No Variations]"
Added Component: Designator=R2(RES-SMD-1206)
Add component (AddParameter): Name = "Class"; Value = "Passive"; VariantName = "[No Variations]"
Add component (AddParameter): Name = "Manufacturer"; Value = "Generic Components"; VariantName = "[No Variations]"
Add component (AddParameter): Name = "Published"; Value = "08/06/2000"; VariantName = "[No Variations]"
Add component (AddParameter): Name = "Publisher"; Value = "Altium Hobart Technology Centre"; VariantName = "[No Variations]"
Added Component: Designator=R3(RES-SMD-1206)
Add component (AddParameter): Name = "Class"; Value = "Passive"; VariantName = "[No Variations]"
Add component (AddParameter): Name = "Manufacturer"; Value = "Generic Components"; VariantName = "[No Variations]"
Add component (AddParameter): Name = "Published"; Value = "08/06/2000"; VariantName = "[No Variations]"
Add component (AddParameter): Name = "Publisher"; Value = "Altium Hobart Technology Centre"; VariantName = "[No Variations]"
Added Component: Designator=SW1(SW4)
Add component (AddParameter): Name = "Value"; Value = "Button chip 4 pin"; VariantName = "[No Variations]"
Added Pin To Net: NetName=+5 Pin=Arduino1-VIN
Added Pin To Net: NetName=+5 Pin=JP1-2
Added Pin To Net: NetName=+5 Pin=JP2-4
Added Pin To Net: NetName=+5 Pin=JP3-4
Added Pin To Net: NetName=+5 Pin=JP6-4
Added Pin To Net: NetName=+5 Pin=R2-2
Added Pin To Net: NetName=+5 Pin=R3-1
Added Net: Name=+5
Added Pin To Net: NetName=3V3 Pin=Arduino1-3V3
Added Pin To Net: NetName=3V3 Pin=JP4-3
Added Net: Name=3V3
Added Pin To Net: NetName=ANALOG Pin=Arduino1-A1
Added Pin To Net: NetName=ANALOG Pin=JP3-1
Added Net: Name=ANALOG
Added Pin To Net: NetName=BUTTON Pin=Arduino1-D7
Added Pin To Net: NetName=BUTTON Pin=R3-2
Added Pin To Net: NetName=BUTTON Pin=SW1-2
Added Pin To Net: NetName=BUTTON Pin=SW1-4
Added Net: Name=BUTTON
Added Pin To Net: NetName=DHT11 Pin=Arduino1-D3
Added Pin To Net: NetName=DHT11 Pin=JP6-3
Added Pin To Net: NetName=DHT11 Pin=R2-1
Added Net: Name=DHT11
Added Pin To Net: NetName=DIO0 Pin=Arduino1-D2
Added Pin To Net: NetName=DIO0 Pin=JP4-5
Added Net: Name=DIO0
Added Pin To Net: NetName=DIO1 Pin=JP4-6
Added Net: Name=DIO1
Added Pin To Net: NetName=DIO2 Pin=JP4-7
Added Net: Name=DIO2
Added Pin To Net: NetName=DIO3 Pin=JP4-8
Added Net: Name=DIO3
Added Pin To Net: NetName=DIO4 Pin=JP5-7
Added Net: Name=DIO4
Added Pin To Net: NetName=DIO5 Pin=JP5-6
Added Net: Name=DIO5
Added Pin To Net: NetName=GAS Pin=Arduino1-A0
Added Pin To Net: NetName=GAS Pin=JP2-1
Added Net: Name=GAS
Added Pin To Net: NetName=GND Pin=Arduino1-GND
Added Pin To Net: NetName=GND Pin=Arduino1-GND
Added Pin To Net: NetName=GND Pin=JP1-1
Added Pin To Net: NetName=GND Pin=JP2-3
Added Pin To Net: NetName=GND Pin=JP3-3
Added Pin To Net: NetName=GND Pin=JP4-1
Added Pin To Net: NetName=GND Pin=JP4-2
Added Pin To Net: NetName=GND Pin=JP5-1
Added Pin To Net: NetName=GND Pin=JP5-8
Added Pin To Net: NetName=GND Pin=JP6-1
Added Pin To Net: NetName=GND Pin=LED1-2
Added Pin To Net: NetName=GND Pin=SW1-1
Added Pin To Net: NetName=GND Pin=SW1-3
Added Net: Name=GND
Added Pin To Net: NetName=LED Pin=Arduino1-D8
Added Pin To Net: NetName=LED Pin=R1-1
Added Net: Name=LED
Added Pin To Net: NetName=LORA_RST Pin=Arduino1-D9
Added Pin To Net: NetName=LORA_RST Pin=JP4-4
Added Net: Name=LORA_RST
Added Pin To Net: NetName=MISO Pin=Arduino1-D12
Added Pin To Net: NetName=MISO Pin=JP5-4
Added Net: Name=MISO
Added Pin To Net: NetName=MOSI Pin=Arduino1-D11
Added Pin To Net: NetName=MOSI Pin=JP5-3
Added Net: Name=MOSI
Added Pin To Net: NetName=NetLED1_1 Pin=LED1-1
Added Pin To Net: NetName=NetLED1_1 Pin=R1-2
Added Net: Name=NetLED1_1
Added Pin To Net: NetName=NSS Pin=Arduino1-D10
Added Pin To Net: NetName=NSS Pin=JP5-2
Added Net: Name=NSS
Added Pin To Net: NetName=RST Pin=Arduino1-RST
Added Pin To Net: NetName=RST Pin=Arduino1-RST
Added Net: Name=RST
Added Pin To Net: NetName=SCK Pin=Arduino1-D13
Added Pin To Net: NetName=SCK Pin=JP5-5
Added Net: Name=SCK
Added Class: Name=sch
Added Room: Name=sch
