Removed Pin From Net: NetName=3V3 Pin=C2-1
Removed Pin From Net: NetName=GND Pin=C2-2
Removed Pin From Net: NetName=GND Pin=JP4-1
Removed Pin From Net: NetName=GND Pin=JP4-2
Removed Pin From Net: NetName=3V3 Pin=JP4-3
Removed Pin From Net: NetName=LORA_RST Pin=JP4-4
Removed Pin From Net: NetName=DIO0 Pin=JP4-5
Removed Pin From Net: NetName=DIO1 Pin=JP4-6
Removed Pin From Net: NetName=DIO2 Pin=JP4-7
Removed Pin From Net: NetName=DIO3 Pin=JP4-8
Removed Pin From Net: NetName=GND Pin=JP5-1
Removed Pin From Net: NetName=NSS Pin=JP5-2
Removed Pin From Net: NetName=MOSI Pin=JP5-3
Removed Pin From Net: NetName=MISO Pin=JP5-4
Removed Pin From Net: NetName=SCK Pin=JP5-5
Removed Pin From Net: NetName=DIO5 Pin=JP5-6
Removed Pin From Net: NetName=DIO4 Pin=JP5-7
Removed Pin From Net: NetName=GND Pin=JP5-8
Removed Member From Class: ClassName=sch Member=JP5
Removed Member From Class: ClassName=sch Member=JP6
Change Component Designator: OldDesignator=C1 NewDesignator=C2
Change Component Designator: OldDesignator=JP6 NewDesignator=JP4
Added Component: Designator=C1(CA-ALU-5W)
Add component (AddParameter): Name = "LatestRevisionDate"; Value = "17-Jul-2002"; VariantName = "[No Variations]"
Add component (AddParameter): Name = "LatestRevisionNote"; Value = "Re-released for DXP Platform."; VariantName = "[No Variations]"
Add component (AddParameter): Name = "PackageReference"; Value = "C1206"; VariantName = "[No Variations]"
Add component (AddParameter): Name = "Publisher"; Value = "Altium Limited"; VariantName = "[No Variations]"
Add component (AddParameter): Name = "Value"; Value = "104"; VariantName = "[No Variations]"
Added Component: Designator=U1(Lora02-sx1278)
Added Pin To Net: NetName=3V3 Pin=C1-1
Added Pin To Net: NetName=GND Pin=C1-2
Added Pin To Net: NetName=GND Pin=U1-1
Added Pin To Net: NetName=GND Pin=U1-2
Added Pin To Net: NetName=3V3 Pin=U1-3
Added Pin To Net: NetName=LORA_RST Pin=U1-4
Added Pin To Net: NetName=DIO0 Pin=U1-5
Added Pin To Net: NetName=DIO1 Pin=U1-6
Added Pin To Net: NetName=DIO2 Pin=U1-7
Added Pin To Net: NetName=DIO3 Pin=U1-8
Added Pin To Net: NetName=GND Pin=U1-9
Added Pin To Net: NetName=NSS Pin=U1-10
Added Pin To Net: NetName=MOSI Pin=U1-11
Added Pin To Net: NetName=MISO Pin=U1-12
Added Pin To Net: NetName=SCK Pin=U1-13
Added Pin To Net: NetName=DIO5 Pin=U1-14
Added Pin To Net: NetName=DIO4 Pin=U1-15
Added Pin To Net: NetName=GND Pin=U1-16
Added Member To Class: ClassName=sch Member=Component U1 Lora-02 SX1278
Added Room: Name=sch
